4 1 8 2 0 3 4 12 6 1 0 3 3 7 7 3 0 6 1 7 3 1 3 0 0 1 9 4 7 5 6 8 1 1 7 4 4 8 5 1 7 0 6 3 0 7 10 0 5 3 3 2 3 0 1 6 0 3 4 10 9 2 5 1 4 7 3 11 8 6 5 1 8 0 1 9 6 4 3 1 3 5 6 11 2 5 1 5 7 3 4 12 5 0 7 7 2 8 2 3 
winner for 99 from 70 to 82
Pishty
winner for 97 from 42 to 93
Pishty
winner for 96 from 29 to 36
Pishty
winner for 95 from 63 to 83
Pishty
winner for 94 from 97 to 100
Pishty
winner for 93 from 12 to 41
Pishty
winner for 91 from 52 to 95
Pishty
winner for 87 from 41 to 49
Pishty
winner for 81 from 43 to 61
Pishty
winner for 80 from 5 to 100
Pishty
winner for 75 from 51 to 72
Pishty
winner for 73 from 43 to 85
Lotsy
winner for 72 from 23 to 39
Pishty
winner for 70 from 31 to 41
Pishty
winner for 67 from 59 to 87
Pishty
winner for 64 from 61 to 100
Pishty
winner for 63 from 68 to 94
Pishty
winner for 62 from 9 to 36
Pishty
winner for 60 from 9 to 43
Pishty
winner for 58 from 62 to 99
Pishty
winner for 57 from 2 to 89
Pishty
winner for 54 from 72 to 99
Pishty
winner for 53 from 1 to 85
Pishty
winner for 46 from 7 to 86
Pishty
winner for 45 from 48 to 96
Pishty
winner for 44 from 85 to 88
Pishty
winner for 43 from 41 to 43
Pishty
winner for 40 from 50 to 98
Pishty
winner for 35 from 3 to 41
Pishty
winner for 33 from 88 to 93
Pishty
winner for 32 from 63 to 82
Pishty
winner for 29 from 86 to 95
Pishty
winner for 27 from 25 to 67
Pishty
winner for 26 from 10 to 86
Pishty
winner for 25 from 55 to 96
Pishty
winner for 23 from 18 to 24
Pishty
winner for 21 from 43 to 57
Pishty
winner for 17 from 42 to 96
Pishty
winner for 14 from 40 to 69
Pishty
winner for 13 from 51 to 73
Pishty
winner for 11 from 96 to 98
Pishty
winner for 9 from 48 to 96
Pishty
winner for 7 from 69 to 71
Pishty
winner for 6 from 70 to 95
Pishty
winner for 4 from 23 to 42
Pishty
winner for 3 from 66 to 100
Pishty
winner for 2 from 24 to 77
Pishty
winner for 1 from 33 to 61
Pishty
winner for 0 from 88 to 89
Pishty
2 2 5 0 0 0 2 0 4 1 0 1 0 5 1 2 2 2 6 7 3 3 0 0 9 5 4 9 1 6 13 2 7 2 4 6 7 4 6 7 3 7 2 0 3 7 4 0 0 1 1 2 8 0 4 1 0 2 2 5 5 1 5 3 5 4 5 6 8 2 3 11 6 4 1 2 3 9 7 3 7 3 5 4 1 5 3 7 7 5 0 1 6 2 5 2 0 6 0 2 
winner for 97 from 39 to 98
Pishty
winner for 95 from 66 to 90
Pishty
winner for 93 from 100 to 100
Pishty
winner for 91 from 50 to 86
Pishty
winner for 89 from 68 to 78
Pishty
winner for 88 from 87 to 88
Pishty
winner for 87 from 92 to 97
Pishty
winner for 86 from 72 to 98
Pishty
winner for 85 from 47 to 99
Pishty
winner for 82 from 77 to 83
Pishty
winner for 81 from 59 to 92
Pishty
winner for 79 from 19 to 63
Pishty
winner for 78 from 62 to 86
Pishty
winner for 77 from 74 to 85
Pishty
winner for 76 from 71 to 89
Pishty
winner for 75 from 38 to 91
Pishty
winner for 74 from 46 to 61
Pishty
winner for 73 from 10 to 82
Pishty
winner for 68 from 80 to 84
Pishty
winner for 65 from 35 to 48
Pishty
winner for 63 from 82 to 98
Pishty
winner for 61 from 61 to 72
Pishty
winner for 60 from 58 to 87
Lotsy
winner for 58 from 78 to 89
Pishty
winner for 55 from 44 to 80
Pishty
winner for 54 from 56 to 60
Pishty
winner for 51 from 5 to 99
Pishty
winner for 48 from 66 to 77
Pishty
winner for 46 from 19 to 40
Pishty
winner for 45 from 100 to 100
Pishty
winner for 43 from 57 to 59
Lotsy
winner for 40 from 91 to 92
Pishty
winner for 39 from 98 to 99
Pishty
winner for 37 from 75 to 78
Pishty
winner for 34 from 85 to 93
Pishty
winner for 32 from 29 to 66
Pishty
winner for 31 from 86 to 95
Pishty
winner for 30 from 86 to 86
Pishty
winner for 28 from 21 to 47
Pishty
winner for 27 from 84 to 90
Pishty
winner for 24 from 43 to 53
Pishty
winner for 22 from 31 to 59
Pishty
winner for 17 from 3 to 26
Pishty
winner for 15 from 68 to 96
Pishty
winner for 10 from 68 to 84
Pishty
winner for 8 from 54 to 55
Pishty
winner for 7 from 42 to 82
Pishty
winner for 6 from 22 to 23
Pishty
winner for 1 from 65 to 68
Pishty
winner for 0 from 40 to 92
Pishty
7 3 6 5 1 2 4 1 6 1 3 3 0 1 1 7 4 9 5 11 7 1 7 4 2 5 3 3 1 10 0 6 1 6 3 4 2 6 8 12 6 4 7 9 7 1 2 4 7 1 13 6 5 5 9 7 1 0 4 3 7 3 4 6 5 3 0 5 8 2 0 0 5 3 0 5 4 3 5 7 4 12 4 1 3 3 4 0 4 2 7 4 2 5 6 2 4 4 0 0 
winner for 98 from 11 to 1
Lotsy
winner for 85 from 1101 to 1001
Lotsy
winner for 81 from 1010 to 2
Lotsy
winner for 60 from 96 to 2
Lotsy
winner for 55 from 1001 to 1
Lotsy
winner for 44 from 43 to 1
Lotsy
12 12 12 12 12 12 12 12 12 12 12 12 12 12 12 12 12 12 12 12 12 12 12 12 12 12 12 12 12 12 12 12 12 12 12 12 12 12 12 12 12 12 12 12 12 12 12 12 12 12 12 12 12 12 12 12 12 12 12 12 12 12 12 12 12 12 12 12 12 12 12 12 12 12 12 12 12 12 12 12 12 12 12 12 12 12 12 12 12 12 12 12 12 12 12 12 12 12 12 12 
